2024-10-28 10:50:24 info: Server is running on port 3000
2024-10-28 10:51:49 info: Server is running on port 3000
2024-10-28 10:54:08 info: Server is running on port 3000
2024-10-28 11:02:11 info: Server is running on port 3000
2024-10-28 11:02:45 info: Server is running on port 3001
2024-10-28 11:02:59 info: Server is running on port 3000
2024-10-28 11:26:16 info: Server is running on port 3000
2024-10-28 11:27:37 info: Server is running on port 3000
2024-10-28 11:27:41 http: POST /braining/v1/auth/signup 201 424 - 40.525 ms
2024-10-28 11:28:45 http: POST /braining/v1/game/1234 500 22 - 80.804 ms
2024-10-28 11:29:24 http: POST /braining/v1/game/1234 500 22 - 27.695 ms
2024-10-28 11:54:04 info: Server is running on port 3000
2024-10-28 11:54:42 http: PUT /braining/v1/auth/signin 200 421 - 50.722 ms
2024-10-28 11:57:19 http: POST /braining/v1/game/1234 201 100 - 111.413 ms
2024-10-28 11:57:45 http: POST /braining/v1/game/1234 200 101 - 82.569 ms
2024-10-28 11:57:57 http: POST /braining/v1/game/1234 200 101 - 56.128 ms
2024-10-28 11:58:18 http: POST /braining/v1/game/1234 200 101 - 58.739 ms
2024-10-28 11:58:22 http: POST /braining/v1/game/1234 200 101 - 66.055 ms
2024-10-28 12:04:16 info: Server is running on port 3000
2024-10-28 12:04:20 http: POST /braining/v1/game/1234 200 101 - 51.884 ms
2024-10-28 12:06:00 info: Server is running on port 3000
2024-10-28 12:06:09 http: POST /braining/v1/game/1234 201 98 - 255.144 ms
2024-10-28 12:07:18 info: Server is running on port 3000
2024-10-28 12:07:27 http: POST /braining/v1/game/1234 200 98 - 63.835 ms
2024-10-28 12:07:58 http: POST /braining/v1/game/1234 200 101 - 70.197 ms
2024-10-28 12:08:19 http: PUT /braining/v1/auth/signin 401 13 - 16.906 ms
2024-10-28 12:08:32 http: POST /braining/v1/auth/signup 201 425 - 101.791 ms
2024-10-28 12:08:46 http: PUT /braining/v1/auth/signin 200 422 - 30.774 ms
2024-10-28 12:08:59 http: POST /braining/v1/game/1234 500 22 - 54.548 ms
2024-10-28 12:09:14 http: POST /braining/v1/game/1234 201 101 - 74.202 ms
2024-10-28 12:09:37 http: POST /braining/v1/game/1234 200 102 - 79.938 ms
2024-10-28 12:56:03 info: Server is running on port 3000
2024-10-28 12:57:55 info: Server is running on port 3000
2024-10-28 12:58:06 http: GET //api-docs 404 148 - 10.724 ms
2024-10-28 12:58:09 http: GET /api-docs/swagger-ui-init.js 200 10459 - 0.463 ms
2024-10-28 12:58:09 http: GET /api-docs/swagger-ui.css 200 152071 - 11.647 ms
2024-10-28 12:58:09 http: GET /api-docs/swagger-ui-standalone-preset.js 200 230293 - 7.291 ms
2024-10-28 12:58:09 http: GET /api-docs/swagger-ui-bundle.js 200 1452753 - 10.864 ms
2024-10-28 12:58:09 http: GET /api-docs/favicon-32x32.png 200 628 - 2.244 ms
2024-10-28 12:58:14 http: GET /braining/ 200 101 - 0.667 ms
2024-10-28 12:58:20 http: GET /braining/ 304 - - 0.733 ms
2024-10-28 12:58:31 http: GET /braining/v1/user/exist-nickname/123 404 174 - 3.425 ms
2024-10-28 13:01:51 info: Server is running on port 3000
2024-10-28 13:01:56 http: GET /api-docs/swagger-ui.css 304 - - 5.406 ms
2024-10-28 13:01:56 http: GET /api-docs/swagger-ui-bundle.js 304 - - 5.311 ms
2024-10-28 13:01:56 http: GET /api-docs/swagger-ui-init.js 200 10464 - 0.779 ms
2024-10-28 13:01:56 http: GET /api-docs/swagger-ui-standalone-preset.js 304 - - 0.363 ms
2024-10-28 13:01:56 http: GET /api-docs/favicon-32x32.png 304 - - 0.927 ms
2024-10-28 13:02:02 http: GET /braining/v1/auth/exist-nickname/%E3%85%851 200 13 - 16.297 ms
2024-10-28 13:02:17 http: GET /braining/v1/auth/exist-nickname/r1 200 13 - 15.265 ms
2024-10-28 13:02:57 http: POST /braining/v1/game/10101 401 63 - 0.683 ms
2024-10-28 13:04:36 info: Server is running on port 3000
2024-10-28 13:04:39 http: GET /api-docs/swagger-ui.css 304 - - 4.579 ms
2024-10-28 13:04:39 http: GET /api-docs/swagger-ui-bundle.js 304 - - 4.512 ms
2024-10-28 13:04:39 http: GET /api-docs/swagger-ui-init.js 200 10488 - 0.446 ms
2024-10-28 13:04:39 http: GET /api-docs/swagger-ui-standalone-preset.js 304 - - 1.771 ms
2024-10-28 13:04:39 http: GET /api-docs/favicon-32x32.png 304 - - 0.693 ms
2024-10-28 13:04:59 http: POST /braining/v1/auth/signup 201 421 - 50.302 ms
2024-10-28 13:05:12 http: PUT /braining/v1/auth/signin 200 421 - 46.266 ms
2024-10-28 13:05:34 http: POST /braining/v1/game/10101 201 97 - 89.456 ms
2024-10-28 13:07:06 info: Server is running on port 3000
2024-10-28 13:07:11 http: GET /api-docs/swagger-ui-init.js 304 - - 0.685 ms
2024-10-28 13:07:11 http: GET /api-docs/swagger-ui.css 304 - - 6.161 ms
2024-10-28 13:07:11 http: GET /api-docs/swagger-ui-bundle.js 304 - - 0.782 ms
2024-10-28 13:07:11 http: GET /api-docs/swagger-ui-standalone-preset.js 304 - - 0.486 ms
